mode: set
warehouse/features/checkout/usecase/logic.go:16.96,21.2 1 1
warehouse/features/checkout/usecase/logic.go:23.84,26.21 2 1
warehouse/features/checkout/usecase/logic.go:29.2,32.16 3 1
warehouse/features/checkout/usecase/logic.go:36.2,36.17 1 1
warehouse/features/checkout/usecase/logic.go:26.21,28.3 1 0
warehouse/features/checkout/usecase/logic.go:32.16,34.3 1 1
warehouse/features/checkout/usecase/logic.go:39.99,42.26 2 1
warehouse/features/checkout/usecase/logic.go:46.2,46.77 1 1
warehouse/features/checkout/usecase/logic.go:42.26,44.3 1 1
warehouse/features/checkout/usecase/logic.go:49.142,51.25 2 0
warehouse/features/checkout/usecase/logic.go:55.2,59.23 4 0
warehouse/features/checkout/usecase/logic.go:51.25,53.3 1 0
warehouse/features/checkout/usecase/logic.go:62.78,64.23 2 1
warehouse/features/checkout/usecase/logic.go:68.2,68.28 1 1
warehouse/features/checkout/usecase/logic.go:71.2,71.66 1 1
warehouse/features/checkout/usecase/logic.go:77.2,78.19 2 1
warehouse/features/checkout/usecase/logic.go:81.2,81.12 1 1
warehouse/features/checkout/usecase/logic.go:64.23,66.3 1 0
warehouse/features/checkout/usecase/logic.go:68.28,70.3 1 1
warehouse/features/checkout/usecase/logic.go:71.66,75.3 3 1
warehouse/features/checkout/usecase/logic.go:78.19,80.3 1 0
