mode: set
warehouse/features/lahan/usecase/logic.go:12.59,16.2 1 1
warehouse/features/lahan/usecase/logic.go:18.83,19.224 1 1
warehouse/features/lahan/usecase/logic.go:23.2,26.27 3 0
warehouse/features/lahan/usecase/logic.go:29.2,29.15 1 0
warehouse/features/lahan/usecase/logic.go:19.224,21.3 1 1
warehouse/features/lahan/usecase/logic.go:26.27,28.3 1 0
warehouse/features/lahan/usecase/logic.go:32.86,34.16 2 1
warehouse/features/lahan/usecase/logic.go:38.2,38.18 1 1
warehouse/features/lahan/usecase/logic.go:34.16,36.3 1 1
warehouse/features/lahan/usecase/logic.go:41.88,43.27 2 1
warehouse/features/lahan/usecase/logic.go:46.2,46.15 1 1
warehouse/features/lahan/usecase/logic.go:43.27,45.3 1 1
warehouse/features/lahan/usecase/logic.go:49.91,51.27 2 1
warehouse/features/lahan/usecase/logic.go:55.2,55.15 1 1
warehouse/features/lahan/usecase/logic.go:51.27,53.3 1 1
warehouse/features/lahan/usecase/logic.go:58.86,60.16 2 1
warehouse/features/lahan/usecase/logic.go:64.2,64.18 1 1
warehouse/features/lahan/usecase/logic.go:60.16,62.3 1 1
